# Logfile created on 2015-04-02 02:46:00 -0700 by logger.rb/31641
--- !ruby/object:Google::APIClient::Schema::Calendar::V3::Event
data:
  error:
    errors:
    - domain: global
      reason: forbidden
      message: Forbidden
    code: 403
    message: Forbidden

--- !ruby/object:Google::APIClient::Schema::Calendar::V3::Event
data:
  kind: calendar#event
  etag: ! '"2855936910996000"'
  id: '11427968457'
  status: confirmed
  htmlLink: https://www.google.com/calendar/event?eid=MTE0Mjc5Njg0NTcgdmEuZXIuY29yZS5zY2hlZHVsZXJAbQ
  created: '2015-04-02T09:54:15.000Z'
  updated: '2015-04-02T09:54:15.498Z'
  summary: david pei
  description: night
  creator:
    email: 1015162711729-4r5nn2ibft615vt22rh5npqarbpqoi27@developer.gserviceaccount.com
  organizer:
    email: va.er.core.scheduler@gmail.com
    self: true
  start:
    dateTime: '2015-04-02T02:54:17-07:00'
  end:
    dateTime: '2015-04-02T07:54:17-07:00'
  iCalUID: 11427968457@google.com
  sequence: 0
  extendedProperties:
    private:
      doctor_id: '1'
  reminders:
    useDefault: true

--- !ruby/object:Google::APIClient::Schema::Calendar::V3::Event
data:
  kind: calendar#event
  etag: ! '"2855937245334000"'
  id: '11427968624'
  status: confirmed
  htmlLink: https://www.google.com/calendar/event?eid=MTE0Mjc5Njg2MjQgdmEuZXIuY29yZS5zY2hlZHVsZXJAbQ
  created: '2015-04-02T09:57:02.000Z'
  updated: '2015-04-02T09:57:02.667Z'
  summary: david pei
  description: night
  creator:
    email: 1015162711729-4r5nn2ibft615vt22rh5npqarbpqoi27@developer.gserviceaccount.com
  organizer:
    email: va.er.core.scheduler@gmail.com
    self: true
  start:
    dateTime: '2015-04-02T02:57:04-07:00'
  end:
    dateTime: '2015-04-02T07:57:04-07:00'
  iCalUID: 11427968624@google.com
  sequence: 0
  extendedProperties:
    private:
      doctor_id: '1'
  reminders:
    useDefault: true

--- !ruby/object:Google::APIClient::Schema::Calendar::V3::Event
data:
  error:
    errors:
    - domain: global
      reason: invalid
      message: ! 'Invalid value for: Invalid format: "1" is too short'
    code: 400
    message: ! 'Invalid value for: Invalid format: "1" is too short'

--- !ruby/object:Google::APIClient::Schema::Calendar::V3::Event
data:
  error:
    errors:
    - domain: global
      reason: invalid
      message: ! 'Invalid value for: Invalid format: "1" is too short'
    code: 400
    message: ! 'Invalid value for: Invalid format: "1" is too short'

--- !ruby/object:Google::APIClient::Schema::Calendar::V3::Event
data:
  error:
    errors:
    - domain: global
      reason: invalid
      message: ! 'Invalid value for: Invalid format: "1" is too short'
    code: 400
    message: ! 'Invalid value for: Invalid format: "1" is too short'

--- !ruby/object:Google::APIClient::Schema::Calendar::V3::Event
data:
  error:
    errors:
    - domain: global
      reason: invalid
      message: ! 'Invalid value for: Invalid format: "1" is too short'
    code: 400
    message: ! 'Invalid value for: Invalid format: "1" is too short'

--- !ruby/object:Google::APIClient::Schema::Calendar::V3::Event
data:
  error:
    errors:
    - domain: global
      reason: invalid
      message: ! 'Invalid value for: Invalid format: "1" is too short'
    code: 400
    message: ! 'Invalid value for: Invalid format: "1" is too short'

--- !ruby/object:Google::APIClient::Schema::Calendar::V3::Event
data:
  error:
    errors:
    - domain: global
      reason: invalid
      message: ! 'Invalid value for: Invalid format: "1" is too short'
    code: 400
    message: ! 'Invalid value for: Invalid format: "1" is too short'

--- !ruby/object:Google::APIClient::Schema::Calendar::V3::Event
data:
  error:
    errors:
    - domain: global
      reason: invalid
      message: ! 'Invalid value for: Invalid format: "1" is too short'
    code: 400
    message: ! 'Invalid value for: Invalid format: "1" is too short'

--- !ruby/object:Google::APIClient::Schema::Calendar::V3::Event
data:
  error:
    errors:
    - domain: global
      reason: invalid
      message: ! 'Invalid value for: Invalid format: "1" is too short'
    code: 400
    message: ! 'Invalid value for: Invalid format: "1" is too short'

--- !ruby/object:Google::APIClient::Schema::Calendar::V3::Event
data:
  error:
    errors:
    - domain: global
      reason: invalid
      message: ! 'Invalid value for: Invalid format: "1" is too short'
    code: 400
    message: ! 'Invalid value for: Invalid format: "1" is too short'

--- !ruby/object:Google::APIClient::Schema::Calendar::V3::Event
data:
  error:
    errors:
    - domain: global
      reason: invalid
      message: ! 'Invalid value for: Invalid format: "1" is too short'
    code: 400
    message: ! 'Invalid value for: Invalid format: "1" is too short'

--- !ruby/object:Google::APIClient::Schema::Calendar::V3::Event
data:
  error:
    errors:
    - domain: global
      reason: invalid
      message: ! 'Invalid value for: Invalid format: "1" is too short'
    code: 400
    message: ! 'Invalid value for: Invalid format: "1" is too short'

--- !ruby/object:Google::APIClient::Schema::Calendar::V3::Event
data:
  error:
    errors:
    - domain: global
      reason: invalid
      message: ! 'Invalid value for: Invalid format: "1" is too short'
    code: 400
    message: ! 'Invalid value for: Invalid format: "1" is too short'

--- !ruby/object:Google::APIClient::Schema::Calendar::V3::Event
data:
  error:
    errors:
    - domain: global
      reason: invalid
      message: ! 'Invalid value for: Invalid format: "1" is too short'
    code: 400
    message: ! 'Invalid value for: Invalid format: "1" is too short'

--- !ruby/object:Google::APIClient::Schema::Calendar::V3::Event
data:
  error:
    errors:
    - domain: global
      reason: invalid
      message: ! 'Invalid value for: Invalid format: "1" is too short'
    code: 400
    message: ! 'Invalid value for: Invalid format: "1" is too short'

--- !ruby/object:Google::APIClient::Schema::Calendar::V3::Event
data:
  error:
    errors:
    - domain: global
      reason: invalid
      message: ! 'Invalid value for: Invalid format: "1" is too short'
    code: 400
    message: ! 'Invalid value for: Invalid format: "1" is too short'

--- !ruby/object:Google::APIClient::Schema::Calendar::V3::Event
data:
  error:
    errors:
    - domain: global
      reason: invalid
      message: ! 'Invalid value for: Invalid format: "1" is too short'
    code: 400
    message: ! 'Invalid value for: Invalid format: "1" is too short'

--- !ruby/object:Google::APIClient::Schema::Calendar::V3::Event
data:
  error:
    errors:
    - domain: global
      reason: invalid
      message: ! 'Invalid value for: Invalid format: "1" is too short'
    code: 400
    message: ! 'Invalid value for: Invalid format: "1" is too short'

--- !ruby/object:Google::APIClient::Schema::Calendar::V3::Event
data:
  error:
    errors:
    - domain: global
      reason: invalid
      message: ! 'Invalid value for: Invalid format: "1" is too short'
    code: 400
    message: ! 'Invalid value for: Invalid format: "1" is too short'

--- !ruby/object:Google::APIClient::Schema::Calendar::V3::Event
data:
  error:
    errors:
    - domain: global
      reason: invalid
      message: ! 'Invalid value for: Invalid format: "1" is too short'
    code: 400
    message: ! 'Invalid value for: Invalid format: "1" is too short'

--- !ruby/object:Google::APIClient::Schema::Calendar::V3::Event
data:
  error:
    errors:
    - domain: global
      reason: invalid
      message: ! 'Invalid value for: Invalid format: "1" is too short'
    code: 400
    message: ! 'Invalid value for: Invalid format: "1" is too short'

--- !ruby/object:Google::APIClient::Schema::Calendar::V3::Event
data:
  error:
    errors:
    - domain: global
      reason: invalid
      message: ! 'Invalid value for: Invalid format: "1" is too short'
    code: 400
    message: ! 'Invalid value for: Invalid format: "1" is too short'

--- !ruby/object:Google::APIClient::Schema::Calendar::V3::Event
data:
  error:
    errors:
    - domain: global
      reason: invalid
      message: ! 'Invalid value for: Invalid format: "1" is too short'
    code: 400
    message: ! 'Invalid value for: Invalid format: "1" is too short'

--- !ruby/object:Google::APIClient::Schema::Calendar::V3::Event
data:
  error:
    errors:
    - domain: global
      reason: invalid
      message: ! 'Invalid value for: Invalid format: "1" is too short'
    code: 400
    message: ! 'Invalid value for: Invalid format: "1" is too short'

--- !ruby/object:Google::APIClient::Schema::Calendar::V3::Event
data:
  error:
    errors:
    - domain: global
      reason: invalid
      message: ! 'Invalid value for: Invalid format: "1" is too short'
    code: 400
    message: ! 'Invalid value for: Invalid format: "1" is too short'

--- !ruby/object:Google::APIClient::Schema::Calendar::V3::Event
data:
  error:
    errors:
    - domain: global
      reason: invalid
      message: ! 'Invalid value for: Invalid format: "1" is too short'
    code: 400
    message: ! 'Invalid value for: Invalid format: "1" is too short'

--- !ruby/object:Google::APIClient::Schema::Calendar::V3::Event
data:
  error:
    errors:
    - domain: global
      reason: invalid
      message: ! 'Invalid value for: Invalid format: "1" is too short'
    code: 400
    message: ! 'Invalid value for: Invalid format: "1" is too short'

--- !ruby/object:Google::APIClient::Schema::Calendar::V3::Event
data:
  error:
    errors:
    - domain: global
      reason: invalid
      message: ! 'Invalid value for: Invalid format: "1" is too short'
    code: 400
    message: ! 'Invalid value for: Invalid format: "1" is too short'

--- !ruby/object:Google::APIClient::Schema::Calendar::V3::Event
data:
  error:
    errors:
    - domain: global
      reason: invalid
      message: ! 'Invalid value for: Invalid format: "1" is too short'
    code: 400
    message: ! 'Invalid value for: Invalid format: "1" is too short'

--- !ruby/object:Google::APIClient::Schema::Calendar::V3::Event
data:
  error:
    errors:
    - domain: global
      reason: invalid
      message: ! 'Invalid value for: Invalid format: "1" is too short'
    code: 400
    message: ! 'Invalid value for: Invalid format: "1" is too short'

--- !ruby/object:Google::APIClient::Schema::Calendar::V3::Event
data:
  error:
    errors:
    - domain: global
      reason: invalid
      message: ! 'Invalid value for: Invalid format: "1" is too short'
    code: 400
    message: ! 'Invalid value for: Invalid format: "1" is too short'

--- !ruby/object:Google::APIClient::Schema::Calendar::V3::Event
data:
  error:
    errors:
    - domain: global
      reason: invalid
      message: ! 'Invalid value for: Invalid format: "1" is too short'
    code: 400
    message: ! 'Invalid value for: Invalid format: "1" is too short'

--- !ruby/object:Google::APIClient::Schema::Calendar::V3::Event
data:
  error:
    errors:
    - domain: global
      reason: invalid
      message: ! 'Invalid value for: Invalid format: "1" is too short'
    code: 400
    message: ! 'Invalid value for: Invalid format: "1" is too short'

--- !ruby/object:Google::APIClient::Schema::Calendar::V3::Event
data:
  error:
    errors:
    - domain: global
      reason: invalid
      message: ! 'Invalid value for: Invalid format: "1" is too short'
    code: 400
    message: ! 'Invalid value for: Invalid format: "1" is too short'

--- !ruby/object:Google::APIClient::Schema::Calendar::V3::Event
data:
  error:
    errors:
    - domain: global
      reason: invalid
      message: ! 'Invalid value for: Invalid format: "1" is too short'
    code: 400
    message: ! 'Invalid value for: Invalid format: "1" is too short'

--- !ruby/object:Google::APIClient::Schema::Calendar::V3::Event
data:
  error:
    errors:
    - domain: global
      reason: invalid
      message: ! 'Invalid value for: Invalid format: "1" is too short'
    code: 400
    message: ! 'Invalid value for: Invalid format: "1" is too short'

--- !ruby/object:Google::APIClient::Schema::Calendar::V3::Event
data:
  error:
    errors:
    - domain: global
      reason: invalid
      message: ! 'Invalid value for: Invalid format: "1" is too short'
    code: 400
    message: ! 'Invalid value for: Invalid format: "1" is too short'

--- !ruby/object:Google::APIClient::Schema::Calendar::V3::Event
data:
  error:
    errors:
    - domain: global
      reason: invalid
      message: ! 'Invalid value for: Invalid format: "1" is too short'
    code: 400
    message: ! 'Invalid value for: Invalid format: "1" is too short'

--- !ruby/object:Google::APIClient::Schema::Calendar::V3::Event
data:
  error:
    errors:
    - domain: global
      reason: duplicate
      message: The requested identifier already exists.
    code: 409
    message: The requested identifier already exists.

--- !ruby/object:Google::APIClient::Schema::Calendar::V3::Event
data:
  error:
    errors:
    - domain: global
      reason: duplicate
      message: The requested identifier already exists.
    code: 409
    message: The requested identifier already exists.

--- !ruby/object:Google::APIClient::Schema::Calendar::V3::Event
data:
  error:
    errors:
    - domain: global
      reason: duplicate
      message: The requested identifier already exists.
    code: 409
    message: The requested identifier already exists.

--- !ruby/object:Google::APIClient::Schema::Calendar::V3::Event
data:
  error:
    errors:
    - domain: calendar
      reason: timeRangeEmpty
      message: The specified time range is empty.
      locationType: parameter
      location: timeMax
    code: 400
    message: The specified time range is empty.

--- !ruby/object:Google::APIClient::Schema::Calendar::V3::Event
data:
  error:
    errors:
    - domain: global
      reason: duplicate
      message: The requested identifier already exists.
    code: 409
    message: The requested identifier already exists.

--- !ruby/object:Google::APIClient::Schema::Calendar::V3::Event
data:
  kind: calendar#event
  etag: ! '"2856079669580000"'
  id: 01427709600
  status: confirmed
  htmlLink: https://www.google.com/calendar/event?eid=MDE0Mjc3MDk2MDAgdmEuZXIuY29yZS5zY2hlZHVsZXJAbQ
  created: '2015-04-03T05:43:54.000Z'
  updated: '2015-04-03T05:43:54.790Z'
  summary: ! '***'
  description: core
  creator:
    email: 1015162711729-4r5nn2ibft615vt22rh5npqarbpqoi27@developer.gserviceaccount.com
  organizer:
    email: va.er.core.scheduler@gmail.com
    self: true
  start:
    dateTime: '2015-03-30T03:00:00-07:00'
  end:
    dateTime: '2015-03-30T11:00:00-07:00'
  iCalUID: 01427709600@google.com
  sequence: 0
  extendedProperties:
    private:
      doctor_id: '0'
  reminders:
    useDefault: true

--- !ruby/object:Google::APIClient::Schema::Calendar::V3::Event
data:
  error:
    errors:
    - domain: global
      reason: duplicate
      message: The requested identifier already exists.
    code: 409
    message: The requested identifier already exists.

--- !ruby/object:Google::APIClient::Schema::Calendar::V3::Event
data:
  error:
    errors:
    - domain: global
      reason: duplicate
      message: The requested identifier already exists.
    code: 409
    message: The requested identifier already exists.

--- !ruby/object:Google::APIClient::Schema::Calendar::V3::Event
data:
  kind: calendar#event
  etag: ! '"2856079674980000"'
  id: 01427738400
  status: confirmed
  htmlLink: https://www.google.com/calendar/event?eid=MDE0Mjc3Mzg0MDAgdmEuZXIuY29yZS5zY2hlZHVsZXJAbQ
  created: '2015-04-03T05:43:57.000Z'
  updated: '2015-04-03T05:43:57.490Z'
  summary: ! '***'
  description: core
  creator:
    email: 1015162711729-4r5nn2ibft615vt22rh5npqarbpqoi27@developer.gserviceaccount.com
  organizer:
    email: va.er.core.scheduler@gmail.com
    self: true
  start:
    dateTime: '2015-03-30T11:00:00-07:00'
  end:
    dateTime: '2015-03-30T15:00:00-07:00'
  iCalUID: 01427738400@google.com
  sequence: 0
  extendedProperties:
    private:
      doctor_id: '0'
  reminders:
    useDefault: true

--- !ruby/object:Google::APIClient::Schema::Calendar::V3::Event
data:
  error:
    errors:
    - domain: global
      reason: duplicate
      message: The requested identifier already exists.
    code: 409
    message: The requested identifier already exists.

--- !ruby/object:Google::APIClient::Schema::Calendar::V3::Event
data:
  error:
    errors:
    - domain: global
      reason: duplicate
      message: The requested identifier already exists.
    code: 409
    message: The requested identifier already exists.

--- !ruby/object:Google::APIClient::Schema::Calendar::V3::Event
data:
  error:
    errors:
    - domain: global
      reason: duplicate
      message: The requested identifier already exists.
    code: 409
    message: The requested identifier already exists.

--- !ruby/object:Google::APIClient::Schema::Calendar::V3::Event
data:
  error:
    errors:
    - domain: global
      reason: duplicate
      message: The requested identifier already exists.
    code: 409
    message: The requested identifier already exists.

--- !ruby/object:Google::APIClient::Schema::Calendar::V3::Event
data:
  error:
    errors:
    - domain: global
      reason: duplicate
      message: The requested identifier already exists.
    code: 409
    message: The requested identifier already exists.

--- !ruby/object:Google::APIClient::Schema::Calendar::V3::Event
data:
  error:
    errors:
    - domain: calendar
      reason: timeRangeEmpty
      message: The specified time range is empty.
      locationType: parameter
      location: timeMax
    code: 400
    message: The specified time range is empty.

--- !ruby/object:Google::APIClient::Schema::Calendar::V3::Event
data:
  error:
    errors:
    - domain: global
      reason: duplicate
      message: The requested identifier already exists.
    code: 409
    message: The requested identifier already exists.

--- !ruby/object:Google::APIClient::Schema::Calendar::V3::Event
data:
  error:
    errors:
    - domain: global
      reason: duplicate
      message: The requested identifier already exists.
    code: 409
    message: The requested identifier already exists.

--- !ruby/object:Google::APIClient::Schema::Calendar::V3::Event
data:
  error:
    errors:
    - domain: global
      reason: duplicate
      message: The requested identifier already exists.
    code: 409
    message: The requested identifier already exists.

--- !ruby/object:Google::APIClient::Schema::Calendar::V3::Event
data:
  error:
    errors:
    - domain: global
      reason: duplicate
      message: The requested identifier already exists.
    code: 409
    message: The requested identifier already exists.

--- !ruby/object:Google::APIClient::Schema::Calendar::V3::Event
data:
  error:
    errors:
    - domain: global
      reason: duplicate
      message: The requested identifier already exists.
    code: 409
    message: The requested identifier already exists.

--- !ruby/object:Google::APIClient::Schema::Calendar::V3::Event
data:
  error:
    errors:
    - domain: global
      reason: duplicate
      message: The requested identifier already exists.
    code: 409
    message: The requested identifier already exists.

--- !ruby/object:Google::APIClient::Schema::Calendar::V3::Event
data:
  error:
    errors:
    - domain: global
      reason: duplicate
      message: The requested identifier already exists.
    code: 409
    message: The requested identifier already exists.

--- !ruby/object:Google::APIClient::Schema::Calendar::V3::Event
data:
  error:
    errors:
    - domain: global
      reason: duplicate
      message: The requested identifier already exists.
    code: 409
    message: The requested identifier already exists.

--- !ruby/object:Google::APIClient::Schema::Calendar::V3::Event
data:
  error:
    errors:
    - domain: global
      reason: duplicate
      message: The requested identifier already exists.
    code: 409
    message: The requested identifier already exists.

--- !ruby/object:Google::APIClient::Schema::Calendar::V3::Event
data:
  error:
    errors:
    - domain: global
      reason: duplicate
      message: The requested identifier already exists.
    code: 409
    message: The requested identifier already exists.

--- !ruby/object:Google::APIClient::Schema::Calendar::V3::Event
data:
  error:
    errors:
    - domain: global
      reason: duplicate
      message: The requested identifier already exists.
    code: 409
    message: The requested identifier already exists.

--- !ruby/object:Google::APIClient::Schema::Calendar::V3::Event
data:
  error:
    errors:
    - domain: global
      reason: duplicate
      message: The requested identifier already exists.
    code: 409
    message: The requested identifier already exists.

--- !ruby/object:Google::APIClient::Schema::Calendar::V3::Event
data:
  error:
    errors:
    - domain: global
      reason: duplicate
      message: The requested identifier already exists.
    code: 409
    message: The requested identifier already exists.

--- !ruby/object:Google::APIClient::Schema::Calendar::V3::Event
data:
  error:
    errors:
    - domain: global
      reason: duplicate
      message: The requested identifier already exists.
    code: 409
    message: The requested identifier already exists.

--- !ruby/object:Google::APIClient::Schema::Calendar::V3::Event
data:
  error:
    errors:
    - domain: global
      reason: duplicate
      message: The requested identifier already exists.
    code: 409
    message: The requested identifier already exists.

--- !ruby/object:Google::APIClient::Schema::Calendar::V3::Event
data:
  error:
    errors:
    - domain: global
      reason: duplicate
      message: The requested identifier already exists.
    code: 409
    message: The requested identifier already exists.

--- !ruby/object:Google::APIClient::Schema::Calendar::V3::Event
data:
  error:
    errors:
    - domain: global
      reason: duplicate
      message: The requested identifier already exists.
    code: 409
    message: The requested identifier already exists.

--- !ruby/object:Google::APIClient::Schema::Calendar::V3::Event
data:
  error:
    errors:
    - domain: global
      reason: duplicate
      message: The requested identifier already exists.
    code: 409
    message: The requested identifier already exists.

--- !ruby/object:Google::APIClient::Schema::Calendar::V3::Event
data:
  error:
    errors:
    - domain: global
      reason: duplicate
      message: The requested identifier already exists.
    code: 409
    message: The requested identifier already exists.

--- !ruby/object:Google::APIClient::Schema::Calendar::V3::Event
data:
  error:
    errors:
    - domain: global
      reason: duplicate
      message: The requested identifier already exists.
    code: 409
    message: The requested identifier already exists.

--- !ruby/object:Google::APIClient::Schema::Calendar::V3::Event
data:
  error:
    errors:
    - domain: global
      reason: duplicate
      message: The requested identifier already exists.
    code: 409
    message: The requested identifier already exists.

--- !ruby/object:Google::APIClient::Schema::Calendar::V3::Event
data:
  error:
    errors:
    - domain: global
      reason: duplicate
      message: The requested identifier already exists.
    code: 409
    message: The requested identifier already exists.

--- !ruby/object:Google::APIClient::Schema::Calendar::V3::Event
data:
  kind: calendar#event
  etag: ! '"2856079747934000"'
  id: 01428145200
  status: confirmed
  htmlLink: https://www.google.com/calendar/event?eid=MDE0MjgxNDUyMDAgdmEuZXIuY29yZS5zY2hlZHVsZXJAbQ
  created: '2015-04-03T05:44:33.000Z'
  updated: '2015-04-03T05:44:33.967Z'
  summary: ! '***'
  description: core
  creator:
    email: 1015162711729-4r5nn2ibft615vt22rh5npqarbpqoi27@developer.gserviceaccount.com
  organizer:
    email: va.er.core.scheduler@gmail.com
    self: true
  start:
    dateTime: '2015-04-04T04:00:00-07:00'
  end:
    dateTime: '2015-04-04T12:00:00-07:00'
  iCalUID: 01428145200@google.com
  sequence: 0
  extendedProperties:
    private:
      doctor_id: '0'
  reminders:
    useDefault: true

--- !ruby/object:Google::APIClient::Schema::Calendar::V3::Event
data:
  kind: calendar#event
  etag: ! '"2856079750164000"'
  id: 01428156000
  status: confirmed
  htmlLink: https://www.google.com/calendar/event?eid=MDE0MjgxNTYwMDAgdmEuZXIuY29yZS5zY2hlZHVsZXJAbQ
  created: '2015-04-03T05:44:35.000Z'
  updated: '2015-04-03T05:44:35.082Z'
  summary: ! '***'
  description: core
  creator:
    email: 1015162711729-4r5nn2ibft615vt22rh5npqarbpqoi27@developer.gserviceaccount.com
  organizer:
    email: va.er.core.scheduler@gmail.com
    self: true
  start:
    dateTime: '2015-04-04T07:00:00-07:00'
  end:
    dateTime: '2015-04-04T15:00:00-07:00'
  iCalUID: 01428156000@google.com
  sequence: 0
  extendedProperties:
    private:
      doctor_id: '0'
  reminders:
    useDefault: true

--- !ruby/object:Google::APIClient::Schema::Calendar::V3::Event
data:
  error:
    errors:
    - domain: global
      reason: duplicate
      message: The requested identifier already exists.
    code: 409
    message: The requested identifier already exists.

